<?xml version="1.0" encoding="UTF-8"?>
<!-- Generated by org.testng.reporters.JUnitReportReporter -->
<testsuite skipped="0" hostname="SB-IN-PF1XA1R7" name="automation.FirstTestCase" tests="1" failures="0" timestamp="19 Feb 2021 13:40:07 GMT" time="124.443" errors="0">
  <testcase name="test" time="124.443" classname="automation.FirstTestCase"/>
</testsuite> <!-- automation.FirstTestCase -->
